<?xml version="1.0" encoding="UTF-8"?>
<robot generator="Robot 4.0.3 (Python 3.9.1 on win32)" generated="20210615 22:13:48.752" rpa="false" schemaversion="2">
<suite id="s1" name="Exercicios" source="C:\PrimeExperts\PrimeExperts\testes\exercicios.robot">
<test id="s1-t1" name="Cenario: Meu teste soma">
<kw name="Somar dois numeros &quot;55&quot; e &quot;44&quot;" sourcename="Somar dois numeros &quot;${NUM_A}&quot; e &quot;${NUM_B}&quot;">
<var>${RESULTADO}</var>
<kw name="Evaluate" library="BuiltIn">
<var>${SOMA}</var>
<arg>${NUM_A}+${NUM_B}</arg>
<doc>Evaluates the given expression in Python and returns the result.</doc>
<msg timestamp="20210615 22:13:48.790" level="INFO">${SOMA} = 99</msg>
<status status="PASS" starttime="20210615 22:13:48.790" endtime="20210615 22:13:48.790"/>
</kw>
<msg timestamp="20210615 22:13:48.790" level="INFO">${RESULTADO} = 99</msg>
<status status="PASS" starttime="20210615 22:13:48.789" endtime="20210615 22:13:48.790"/>
</kw>
<kw name="Log To Console" library="BuiltIn">
<arg>${RESULTADO}</arg>
<doc>Logs the given message to the console.</doc>
<status status="PASS" starttime="20210615 22:13:48.791" endtime="20210615 22:13:48.791"/>
</kw>
<tag>SOMA_2</tag>
<status status="PASS" starttime="20210615 22:13:48.789" endtime="20210615 22:13:48.792"/>
</test>
<doc>Nesse arquivo incluimos todos os exercícios do Prime Experts
Focado em Imersão com RobotFramework.
Professor Helder Data Inicio: 14/06/2021</doc>
<status status="PASS" starttime="20210615 22:13:48.753" endtime="20210615 22:13:48.794"/>
</suite>
<statistics>
<total>
<stat pass="1" fail="0" skip="0">All Tests</stat>
</total>
<tag>
<stat pass="1" fail="0" skip="0">SOMA_2</stat>
</tag>
<suite>
<stat pass="1" fail="0" skip="0" id="s1" name="Exercicios">Exercicios</stat>
</suite>
</statistics>
<errors>
</errors>
</robot>
