<?xml version="1.0" encoding="UTF-8"?>
<robot generator="Robot 4.0.3 (Python 3.9.1 on win32)" generated="20210615 23:52:19.204" rpa="false" schemaversion="2">
<suite id="s1" name="Exercicios" source="C:\PrimeExperts\PrimeExperts\testes\exercicios.robot">
<test id="s1-t1" name="Cenario: Gerar Email">
<kw name="Monta Email">
<var>${EMAIL}</var>
<arg>${PESSOA.nome}</arg>
<arg>${PESSOA.sobrenome}</arg>
<arg>${PESSOA.idade}</arg>
<msg timestamp="20210615 23:52:19.242" level="INFO">${EMAIL} = ana_Ribeiro_35@robot.com</msg>
<status status="PASS" starttime="20210615 23:52:19.240" endtime="20210615 23:52:19.242"/>
</kw>
<kw name="Log To Console" library="BuiltIn">
<arg>${\n}O e-mail é: ${EMAIL}</arg>
<doc>Logs the given message to the console.</doc>
<status status="PASS" starttime="20210615 23:52:19.242" endtime="20210615 23:52:19.243"/>
</kw>
<tag>TESTE_EMAIL</tag>
<status status="PASS" starttime="20210615 23:52:19.240" endtime="20210615 23:52:19.243"/>
</test>
<doc>Nesse arquivo incluimos todos os exercícios do Prime Experts
Focado em Imersão com RobotFramework.
Professor Helder Data Inicio: 14/06/2021</doc>
<status status="PASS" starttime="20210615 23:52:19.204" endtime="20210615 23:52:19.245"/>
</suite>
<statistics>
<total>
<stat pass="1" fail="0" skip="0">All Tests</stat>
</total>
<tag>
<stat pass="1" fail="0" skip="0">TESTE_EMAIL</stat>
</tag>
<suite>
<stat pass="1" fail="0" skip="0" id="s1" name="Exercicios">Exercicios</stat>
</suite>
</statistics>
<errors>
</errors>
</robot>
