<?xml version="1.0" encoding="UTF-8"?>
<robot generator="Robot 4.0.3 (Python 3.9.1 on win32)" generated="20210615 19:34:48.183" rpa="false" schemaversion="2">
<suite id="s1" name="Exercicios" source="C:\PrimeExperts\PrimeExperts\testes\exercicios.robot">
<test id="s1-t1" name="Cenario: Imprimir o dicionário">
<kw name="Log To Console" library="BuiltIn">
<arg>${Pessoa.nome}</arg>
<doc>Logs the given message to the console.</doc>
<msg timestamp="20210615 19:34:48.237" level="FAIL">Resolving variable '${Pessoa.nome}' failed: Variable '${Pessoa}' not found.</msg>
<status status="FAIL" starttime="20210615 19:34:48.236" endtime="20210615 19:34:48.238"/>
</kw>
<kw name="Log To Console" library="BuiltIn">
<arg>${Pessoa.idade}</arg>
<doc>Logs the given message to the console.</doc>
<status status="NOT RUN" starttime="20210615 19:34:48.238" endtime="20210615 19:34:48.238"/>
</kw>
<status status="FAIL" starttime="20210615 19:34:48.235" endtime="20210615 19:34:48.238">Resolving variable '${Pessoa.nome}' failed: Variable '${Pessoa}' not found.</status>
</test>
<doc>Nesse arquivo incluimos todos os exercícios do Prime Experts
Focado em Imersão com RobotFramework.
Professor Helder Data Inicio: 14/06/2021</doc>
<status status="FAIL" starttime="20210615 19:34:48.185" endtime="20210615 19:34:48.240"/>
</suite>
<statistics>
<total>
<stat pass="0" fail="1" skip="0">All Tests</stat>
</total>
<tag>
</tag>
<suite>
<stat pass="0" fail="1" skip="0" id="s1" name="Exercicios">Exercicios</stat>
</suite>
</statistics>
<errors>
<msg timestamp="20210615 19:34:48.185" level="ERROR">Error in file 'C:\PrimeExperts\PrimeExperts\testes\exercicios.robot' on line 12: Setting variable '&amp;{Pessoa}' failed: Multiple errors:
- Invalid dictionary variable item 'Cidade: Brasilia'. Items must use 'name=value' syntax or be dictionary variables themselves.
- Invalid dictionary variable item 'Estado: DF'. Items must use 'name=value' syntax or be dictionary variables themselves.</msg>
</errors>
</robot>
